g:\游戏引擎\dragon3d演示\dragon3d演示iii0001\dragon3d演示iii0001\dragonengine\debug\animation.obj
g:\游戏引擎\dragon3d演示\dragon3d演示iii0001\dragon3d演示iii0001\dragonengine\debug\bitmapfile.obj
g:\游戏引擎\dragon3d演示\dragon3d演示iii0001\dragon3d演示iii0001\dragonengine\debug\bitmapimage.obj
g:\游戏引擎\dragon3d演示\dragon3d演示iii0001\dragon3d演示iii0001\dragonengine\debug\boundbox.obj
g:\游戏引擎\dragon3d演示\dragon3d演示iii0001\dragon3d演示iii0001\dragonengine\debug\boundsphere.obj
g:\游戏引擎\dragon3d演示\dragon3d演示iii0001\dragon3d演示iii0001\dragonengine\debug\bspeditor.obj
g:\游戏引擎\dragon3d演示\dragon3d演示iii0001\dragon3d演示iii0001\dragonengine\debug\bsptree.obj
g:\游戏引擎\dragon3d演示\dragon3d演示iii0001\dragon3d演示iii0001\dragonengine\debug\camera.obj
g:\游戏引擎\dragon3d演示\dragon3d演示iii0001\dragon3d演示iii0001\dragonengine\debug\cobmodel.obj
g:\游戏引擎\dragon3d演示\dragon3d演示iii0001\dragon3d演示iii0001\dragonengine\debug\cylindrical3d.obj
g:\游戏引擎\dragon3d演示\dragon3d演示iii0001\dragon3d演示iii0001\dragonengine\debug\datatype.obj
g:\游戏引擎\dragon3d演示\dragon3d演示iii0001\dragon3d演示iii0001\dragonengine\debug\dmusic.obj
g:\游戏引擎\dragon3d演示\dragon3d演示iii0001\dragon3d演示iii0001\dragonengine\debug\dsound.obj
g:\游戏引擎\dragon3d演示\dragon3d演示iii0001\dragon3d演示iii0001\dragonengine\debug\errorlog.obj
g:\游戏引擎\dragon3d演示\dragon3d演示iii0001\dragon3d演示iii0001\dragonengine\debug\fixp16.obj
g:\游戏引擎\dragon3d演示\dragon3d演示iii0001\dragon3d演示iii0001\dragonengine\debug\guisystem.obj
g:\游戏引擎\dragon3d演示\dragon3d演示iii0001\dragon3d演示iii0001\dragonengine\debug\inputsystem.obj
g:\游戏引擎\dragon3d演示\dragon3d演示iii0001\dragon3d演示iii0001\dragonengine\debug\joystick.obj
g:\游戏引擎\dragon3d演示\dragon3d演示iii0001\dragon3d演示iii0001\dragonengine\debug\keyboard.obj
g:\游戏引擎\dragon3d演示\dragon3d演示iii0001\dragon3d演示iii0001\dragonengine\debug\light.obj
g:\游戏引擎\dragon3d演示\dragon3d演示iii0001\dragon3d演示iii0001\dragonengine\debug\line2d.obj
g:\游戏引擎\dragon3d演示\dragon3d演示iii0001\dragon3d演示iii0001\dragonengine\debug\material.obj
g:\游戏引擎\dragon3d演示\dragon3d演示iii0001\dragon3d演示iii0001\dragonengine\debug\matrix1x2.obj
g:\游戏引擎\dragon3d演示\dragon3d演示iii0001\dragon3d演示iii0001\dragonengine\debug\matrix1x3.obj
g:\游戏引擎\dragon3d演示\dragon3d演示iii0001\dragon3d演示iii0001\dragonengine\debug\matrix1x4.obj
g:\游戏引擎\dragon3d演示\dragon3d演示iii0001\dragon3d演示iii0001\dragonengine\debug\matrix2x2.obj
g:\游戏引擎\dragon3d演示\dragon3d演示iii0001\dragon3d演示iii0001\dragonengine\debug\matrix3x2.obj
g:\游戏引擎\dragon3d演示\dragon3d演示iii0001\dragon3d演示iii0001\dragonengine\debug\matrix3x3.obj
g:\游戏引擎\dragon3d演示\dragon3d演示iii0001\dragon3d演示iii0001\dragonengine\debug\matrix4x3.obj
g:\游戏引擎\dragon3d演示\dragon3d演示iii0001\dragon3d演示iii0001\dragonengine\debug\matrix4x4.obj
g:\游戏引擎\dragon3d演示\dragon3d演示iii0001\dragon3d演示iii0001\dragonengine\debug\mouse.obj
g:\游戏引擎\dragon3d演示\dragon3d演示iii0001\dragon3d演示iii0001\dragonengine\debug\paramline2d.obj
g:\游戏引擎\dragon3d演示\dragon3d演示iii0001\dragon3d演示iii0001\dragonengine\debug\paramline3d.obj
g:\游戏引擎\dragon3d演示\dragon3d演示iii0001\dragon3d演示iii0001\dragonengine\debug\parser.obj
g:\游戏引擎\dragon3d演示\dragon3d演示iii0001\dragon3d演示iii0001\dragonengine\debug\plane3d.obj
g:\游戏引擎\dragon3d演示\dragon3d演示iii0001\dragon3d演示iii0001\dragonengine\debug\polar2d.obj
g:\游戏引擎\dragon3d演示\dragon3d演示iii0001\dragon3d演示iii0001\dragonengine\debug\polygon2d.obj
g:\游戏引擎\dragon3d演示\dragon3d演示iii0001\dragon3d演示iii0001\dragonengine\debug\quaternion.obj
g:\游戏引擎\dragon3d演示\dragon3d演示iii0001\dragon3d演示iii0001\dragonengine\debug\rendersystem.obj
g:\游戏引擎\dragon3d演示\dragon3d演示iii0001\dragon3d演示iii0001\dragonengine\debug\spherical3d.obj
g:\游戏引擎\dragon3d演示\dragon3d演示iii0001\dragon3d演示iii0001\dragonengine\debug\stdafx.obj
g:\游戏引擎\dragon3d演示\dragon3d演示iii0001\dragon3d演示iii0001\dragonengine\debug\terrain.obj
g:\游戏引擎\dragon3d演示\dragon3d演示iii0001\dragon3d演示iii0001\dragonengine\debug\triangle2d.obj
g:\游戏引擎\dragon3d演示\dragon3d演示iii0001\dragon3d演示iii0001\dragonengine\debug\vector2.obj
g:\游戏引擎\dragon3d演示\dragon3d演示iii0001\dragon3d演示iii0001\dragonengine\debug\vector3.obj
g:\游戏引擎\dragon3d演示\dragon3d演示iii0001\dragon3d演示iii0001\dragonengine\debug\vector4.obj
g:\游戏引擎\dragon3d演示\dragon3d演示iii0001\dragon3d演示iii0001\dragonengine\debug\vectori2.obj
g:\游戏引擎\dragon3d演示\dragon3d演示iii0001\dragon3d演示iii0001\dragonengine\debug\vectori3.obj
g:\游戏引擎\dragon3d演示\dragon3d演示iii0001\dragon3d演示iii0001\dragonengine\debug\vectori4.obj
g:\游戏引擎\dragon3d演示\dragon3d演示iii0001\dragon3d演示iii0001\dragonengine\debug\zbuffer.obj
g:\游戏引擎\dragon3d演示\dragon3d演示iii0001\dragon3d演示iii0001\dragonengine\debug\dragonengine.pch
g:\游戏引擎\dragon3d演示\dragon3d演示iii0001\dragon3d演示iii0001\dragonengine\debug\vc90.idb
g:\游戏引擎\dragon3d演示\dragon3d演示iii0001\dragon3d演示iii0001\dragonengine\debug\vc90.pdb
g:\游戏引擎\dragon3d演示\dragon3d演示iii0001\dragon3d演示iii0001\dragonengine\..\lib\dragonengine.lib
