  stdafx.cpp
  BSPTree.cpp
  BSPEditor.cpp
  GUISystem.cpp
  BitmapImage.cpp
  BitmapFile.cpp
  Camera.cpp
  terrain.cpp
  Parser.cpp
  COBModel.cpp
  ErrorLog.cpp
  Animation.cpp
  Mouse.cpp
  Keyboard.cpp
  JoyStick.cpp
  InputSystem.cpp
  DSound.cpp
  DMusic.cpp
  ZBuffer.cpp
  RenderSystem.cpp
  material.cpp
  正在生成代码...
  正在编译...
  light.cpp
  datatype.cpp
  VectorI4.cpp
  VectorI3.cpp
  VectorI2.cpp
  Vector4.cpp
  Vector3.cpp
  Vector2.cpp
  Triangle2D.cpp
  Spherical3D.cpp
  Quaternion.cpp
  polygon2D.cpp
  Polar2D.cpp
  Plane3D.cpp
  ParamLine3D.cpp
  ParamLine2D.cpp
  Matrix4x4.cpp
  Matrix4x3.cpp
  Matrix3x3.cpp
  Matrix3x2.cpp
  正在生成代码...
  正在编译...
  Matrix2x2.cpp
  Matrix1x4.cpp
  Matrix1x3.cpp
  Matrix1x2.cpp
  Line2D.cpp
  FIXP16.cpp
  Cylindrical3D.cpp
  BoundSphere.cpp
  BoundBox.cpp
  正在生成代码...
  DragonEngine.vcxproj -> G:\游戏引擎\Dragon3D演示\Dragon3D演示III0001\Dragon3D演示III0001\DragonEngine\..\lib\DragonEngine.lib
