g:\游戏引擎\dragon3d演示\dragon3d演示iii0001\dragon3d演示iii0001\dragonengine\release\dragonengine.pch
g:\游戏引擎\dragon3d演示\dragon3d演示iii0001\dragon3d演示iii0001\dragonengine\release\dragonengine.pdb
g:\游戏引擎\dragon3d演示\dragon3d演示iii0001\dragon3d演示iii0001\dragonengine\release\stdafx.obj
g:\游戏引擎\dragon3d演示\dragon3d演示iii0001\dragon3d演示iii0001\dragonengine\release\spherical3d.obj
g:\游戏引擎\dragon3d演示\dragon3d演示iii0001\dragon3d演示iii0001\dragonengine\release\quaternion.obj
g:\游戏引擎\dragon3d演示\dragon3d演示iii0001\dragon3d演示iii0001\dragonengine\release\polygon2d.obj
g:\游戏引擎\dragon3d演示\dragon3d演示iii0001\dragon3d演示iii0001\dragonengine\release\polar2d.obj
g:\游戏引擎\dragon3d演示\dragon3d演示iii0001\dragon3d演示iii0001\dragonengine\release\plane3d.obj
g:\游戏引擎\dragon3d演示\dragon3d演示iii0001\dragon3d演示iii0001\dragonengine\release\paramline3d.obj
g:\游戏引擎\dragon3d演示\dragon3d演示iii0001\dragon3d演示iii0001\dragonengine\release\paramline2d.obj
g:\游戏引擎\dragon3d演示\dragon3d演示iii0001\dragon3d演示iii0001\dragonengine\release\matrix4x4.obj
g:\游戏引擎\dragon3d演示\dragon3d演示iii0001\dragon3d演示iii0001\dragonengine\release\matrix4x3.obj
g:\游戏引擎\dragon3d演示\dragon3d演示iii0001\dragon3d演示iii0001\dragonengine\release\matrix3x3.obj
g:\游戏引擎\dragon3d演示\dragon3d演示iii0001\dragon3d演示iii0001\dragonengine\release\matrix3x2.obj
g:\游戏引擎\dragon3d演示\dragon3d演示iii0001\dragon3d演示iii0001\dragonengine\release\matrix2x2.obj
g:\游戏引擎\dragon3d演示\dragon3d演示iii0001\dragon3d演示iii0001\dragonengine\release\matrix1x4.obj
g:\游戏引擎\dragon3d演示\dragon3d演示iii0001\dragon3d演示iii0001\dragonengine\release\matrix1x3.obj
g:\游戏引擎\dragon3d演示\dragon3d演示iii0001\dragon3d演示iii0001\dragonengine\release\matrix1x2.obj
g:\游戏引擎\dragon3d演示\dragon3d演示iii0001\dragon3d演示iii0001\dragonengine\release\line2d.obj
g:\游戏引擎\dragon3d演示\dragon3d演示iii0001\dragon3d演示iii0001\dragonengine\release\fixp16.obj
g:\游戏引擎\dragon3d演示\dragon3d演示iii0001\dragon3d演示iii0001\dragonengine\release\cylindrical3d.obj
g:\游戏引擎\dragon3d演示\dragon3d演示iii0001\dragon3d演示iii0001\dragonengine\release\boundsphere.obj
g:\游戏引擎\dragon3d演示\dragon3d演示iii0001\dragon3d演示iii0001\dragonengine\release\boundbox.obj
g:\游戏引擎\dragon3d演示\dragon3d演示iii0001\dragon3d演示iii0001\dragonengine\release\errorlog.obj
g:\游戏引擎\dragon3d演示\dragon3d演示iii0001\dragon3d演示iii0001\dragonengine\release\animation.obj
g:\游戏引擎\dragon3d演示\dragon3d演示iii0001\dragon3d演示iii0001\dragonengine\release\mouse.obj
g:\游戏引擎\dragon3d演示\dragon3d演示iii0001\dragon3d演示iii0001\dragonengine\release\keyboard.obj
g:\游戏引擎\dragon3d演示\dragon3d演示iii0001\dragon3d演示iii0001\dragonengine\release\joystick.obj
g:\游戏引擎\dragon3d演示\dragon3d演示iii0001\dragon3d演示iii0001\dragonengine\release\inputsystem.obj
g:\游戏引擎\dragon3d演示\dragon3d演示iii0001\dragon3d演示iii0001\dragonengine\release\dsound.obj
g:\游戏引擎\dragon3d演示\dragon3d演示iii0001\dragon3d演示iii0001\dragonengine\release\dmusic.obj
g:\游戏引擎\dragon3d演示\dragon3d演示iii0001\dragon3d演示iii0001\dragonengine\release\zbuffer.obj
g:\游戏引擎\dragon3d演示\dragon3d演示iii0001\dragon3d演示iii0001\dragonengine\release\rendersystem.obj
g:\游戏引擎\dragon3d演示\dragon3d演示iii0001\dragon3d演示iii0001\dragonengine\release\material.obj
g:\游戏引擎\dragon3d演示\dragon3d演示iii0001\dragon3d演示iii0001\dragonengine\release\light.obj
g:\游戏引擎\dragon3d演示\dragon3d演示iii0001\dragon3d演示iii0001\dragonengine\release\datatype.obj
g:\游戏引擎\dragon3d演示\dragon3d演示iii0001\dragon3d演示iii0001\dragonengine\release\vectori4.obj
g:\游戏引擎\dragon3d演示\dragon3d演示iii0001\dragon3d演示iii0001\dragonengine\release\vectori3.obj
g:\游戏引擎\dragon3d演示\dragon3d演示iii0001\dragon3d演示iii0001\dragonengine\release\vectori2.obj
g:\游戏引擎\dragon3d演示\dragon3d演示iii0001\dragon3d演示iii0001\dragonengine\release\vector4.obj
g:\游戏引擎\dragon3d演示\dragon3d演示iii0001\dragon3d演示iii0001\dragonengine\release\vector3.obj
g:\游戏引擎\dragon3d演示\dragon3d演示iii0001\dragon3d演示iii0001\dragonengine\release\vector2.obj
g:\游戏引擎\dragon3d演示\dragon3d演示iii0001\dragon3d演示iii0001\dragonengine\release\triangle2d.obj
g:\游戏引擎\dragon3d演示\dragon3d演示iii0001\dragon3d演示iii0001\dragonengine\release\bsptree.obj
g:\游戏引擎\dragon3d演示\dragon3d演示iii0001\dragon3d演示iii0001\dragonengine\release\bspeditor.obj
g:\游戏引擎\dragon3d演示\dragon3d演示iii0001\dragon3d演示iii0001\dragonengine\release\guisystem.obj
g:\游戏引擎\dragon3d演示\dragon3d演示iii0001\dragon3d演示iii0001\dragonengine\release\bitmapimage.obj
g:\游戏引擎\dragon3d演示\dragon3d演示iii0001\dragon3d演示iii0001\dragonengine\release\bitmapfile.obj
g:\游戏引擎\dragon3d演示\dragon3d演示iii0001\dragon3d演示iii0001\dragonengine\release\camera.obj
g:\游戏引擎\dragon3d演示\dragon3d演示iii0001\dragon3d演示iii0001\dragonengine\release\terrain.obj
g:\游戏引擎\dragon3d演示\dragon3d演示iii0001\dragon3d演示iii0001\dragonengine\release\parser.obj
g:\游戏引擎\dragon3d演示\dragon3d演示iii0001\dragon3d演示iii0001\dragonengine\release\cobmodel.obj
g:\游戏引擎\dragon3d演示\dragon3d演示iii0001\dragon3d演示iii0001\release\dragonengine.lib
g:\游戏引擎\dragon3d演示\dragon3d演示iii0001\dragon3d演示iii0001\dragonengine\release\dragonengine.tlog\cl.command.1.tlog
g:\游戏引擎\dragon3d演示\dragon3d演示iii0001\dragon3d演示iii0001\dragonengine\release\dragonengine.tlog\cl.read.1.tlog
g:\游戏引擎\dragon3d演示\dragon3d演示iii0001\dragon3d演示iii0001\dragonengine\release\dragonengine.tlog\cl.write.1.tlog
g:\游戏引擎\dragon3d演示\dragon3d演示iii0001\dragon3d演示iii0001\dragonengine\release\dragonengine.tlog\lib-link.read.1.tlog
g:\游戏引擎\dragon3d演示\dragon3d演示iii0001\dragon3d演示iii0001\dragonengine\release\dragonengine.tlog\lib-link.write.1.tlog
g:\游戏引擎\dragon3d演示\dragon3d演示iii0001\dragon3d演示iii0001\dragonengine\release\dragonengine.tlog\lib.command.1.tlog
