  stdafx.cpp
  BoundBox.cpp
  BoundSphere.cpp
  Cylindrical3D.cpp
  FIXP16.cpp
  Line2D.cpp
  Matrix1x2.cpp
  Matrix1x3.cpp
  Matrix1x4.cpp
  Matrix2x2.cpp
  Matrix3x2.cpp
  Matrix3x3.cpp
  Matrix4x3.cpp
  Matrix4x4.cpp
  ParamLine2D.cpp
  ParamLine3D.cpp
  Plane3D.cpp
  Polar2D.cpp
  polygon2D.cpp
  Quaternion.cpp
  Spherical3D.cpp
  正在编译...
  Triangle2D.cpp
  Vector2.cpp
  Vector3.cpp
  Vector4.cpp
  VectorI2.cpp
  VectorI3.cpp
  VectorI4.cpp
  datatype.cpp
  light.cpp
  material.cpp
  RenderSystem.cpp
  ZBuffer.cpp
  DMusic.cpp
  DSound.cpp
  InputSystem.cpp
  JoyStick.cpp
  Keyboard.cpp
  Mouse.cpp
  Animation.cpp
  ErrorLog.cpp
  正在编译...
  COBModel.cpp
  Parser.cpp
  terrain.cpp
  Camera.cpp
  BitmapFile.cpp
  BitmapImage.cpp
  GUISystem.cpp
  BSPEditor.cpp
  BSPTree.cpp
  DragonEngine.vcxproj -> G:\游戏引擎\Dragon3D演示\Dragon3D演示III0001\Dragon3D演示III0001\Release\DragonEngine.lib
